<?xml version="1.0" encoding="UTF-8"?>
<!-- Generated by org.testng.reporters.JUnitXMLReporter -->
<testsuite hostname="Mithuns-Mac-mini.local" ignored="0" name="FREE CRM TESTING" tests="2" failures="0" timestamp="18 Oct 2018 12:31:37 GMT" time="1248.112" errors="0">
  <testcase name="@BeforeMethod setUp" time="1247.607" classname="com.crm.qa.testcases.ContactsPageTest">
    <failure type="java.lang.StackOverflowError">
      <![CDATA[java.lang.StackOverflowErrorat sun.nio.cs.StreamEncoder.write(StreamEncoder.java:125)at java.io.OutputStreamWriter.write(OutputStreamWriter.java:207)at java.io.BufferedWriter.flushBuffer(BufferedWriter.java:129)at java.io.PrintStream.write(PrintStream.java:526)at java.io.PrintStream.print(PrintStream.java:669)at java.io.PrintStream.println(PrintStream.java:806)at com.crm.qa.util.WebEventListener.onException(WebEventListener.java:58)at org.openqa.selenium.support.events.EventFiringWebDriver.lambda$new$0(EventFiringWebDriver.java:84)at com.sun.proxy.$Proxy6.onException(Unknown Source)at org.openqa.selenium.support.events.EventFiringWebDriver.lambda$new$1(EventFiringWebDriver.java:107)at com.sun.proxy.$Proxy7.getScreenshotAs(Unknown Source)at org.openqa.selenium.support.events.EventFiringWebDriver.getScreenshotAs(EventFiringWebDriver.java:302)at com.crm.qa.util.TestUtil.takeScreenshot(TestUtil.java:72)at com.crm.qa.util.WebEventListener.onException(WebEventListener.java:62)at org.openqa.selenium.support.events.EventFiringWebDriver.lambda$new$0(EventFiringWebDriver.java:84)at com.sun.proxy.$Proxy6.onException(Unknown Source)at org.openqa.selenium.support.events.EventFiringWebDriver.lambda$new$1(EventFiringWebDriver.java:107)at com.sun.proxy.$Proxy7.getScreenshotAs(Unknown Source)at org.openqa.selenium.support.events.EventFiringWebDriver.getScreenshotAs(EventFiringWebDriver.java:302)at com.crm.qa.util.TestUtil.takeScreenshot(TestUtil.java:72)at com.crm.qa.util.WebEventListener.onException(WebEventListener.java:62)at org.openqa.selenium.support.events.EventFiringWebDriver.lambda$new$0(EventFiringWebDriver.java:84)at com.sun.proxy.$Proxy6.onException(Unknown Source)at org.openqa.selenium.support.events.EventFiringWebDriver.lambda$new$1(EventFiringWebDriver.java:107)at com.sun.proxy.$Proxy7.getScreenshotAs(Unknown Source)at org.openqa.selenium.support.events.EventFiringWebDriver.getScreenshotAs(EventFiringWebDriver.java:302)at com.crm.qa.util.TestUtil.takeScreenshot(TestUtil.java:72)at com.crm.qa.util.WebEventListener.onException(WebEventListener.java:62)at org.openqa.selenium.support.events.EventFiringWebDriver.lambda$new$0(EventFiringWebDriver.java:84)at com.sun.proxy.$Proxy6.onException(Unknown Source)at org.openqa.selenium.support.events.EventFiringWebDriver.lambda$new$1(EventFiringWebDriver.java:107)at com.sun.proxy.$Proxy7.getScreenshotAs(Unknown Source)at org.openqa.selenium.support.events.EventFiringWebDriver.getScreenshotAs(EventFiringWebDriver.java:302)at com.crm.qa.util.TestUtil.takeScreenshot(TestUtil.java:72)at com.crm.qa.util.WebEventListener.onException(WebEventListener.java:62)at org.openqa.selenium.support.events.EventFiringWebDriver.lambda$new$0(EventFiringWebDriver.java:84)at com.sun.proxy.$Proxy6.onException(Unknown Source)at org.openqa.selenium.support.events.EventFiringWebDriver.lambda$new$1(EventFiringWebDriver.java:107)at com.sun.proxy.$Proxy7.getScreenshotAs(Unknown Source)at org.openqa.selenium.support.events.EventFiringWebDriver.getScreenshotAs(EventFiringWebDriver.java:302)at com.crm.qa.util.TestUtil.takeScreenshot(TestUtil.java:72)at com.crm.qa.util.WebEventListener.onException(WebEventListener.java:62)at org.openqa.selenium.support.events.EventFiringWebDriver.lambda$new$0(EventFiringWebDriver.java:84)at com.sun.proxy.$Proxy6.onException(Unknown Source)at org.openqa.selenium.support.events.EventFiringWebDriver.lambda$new$1(EventFiringWebDriver.java:107)at com.sun.proxy.$Proxy7.getScreenshotAs(Unknown Source)at org.openqa.selenium.support.events.EventFiringWebDriver.getScreenshotAs(EventFiringWebDriver.java:302)at com.crm.qa.util.TestUtil.takeScreenshot(TestUtil.java:72)at com.crm.qa.util.WebEventListener.onException(WebEventListener.java:62)at org.openqa.selenium.support.events.EventFiringWebDriver.lambda$new$0(EventFiringWebDriver.java:84)at com.sun.proxy.$Proxy6.onException(Unknown Source)at org.openqa.selenium.support.events.EventFiringWebDriver.lambda$new$1(EventFiringWebDriver.java:107)at com.sun.proxy.$Proxy7.getScreenshotAs(Unknown Source)at org.openqa.selenium.support.events.EventFiringWebDriver.getScreenshotAs(EventFiringWebDriver.java:302)at com.crm.qa.util.TestUtil.takeScreenshot(TestUtil.java:72)at com.crm.qa.util.WebEventListener.onException(WebEventListener.java:62)at org.openqa.selenium.support.events.EventFiringWebDriver.lambda$new$0(EventFiringWebDriver.java:84)at com.sun.proxy.$Proxy6.onException(Unknown Source)at org.openqa.selenium.support.events.EventFiringWebDriver.lambda$new$1(EventFiringWebDriver.java:107)at com.sun.proxy.$Proxy7.getScreenshotAs(Unknown Source)at org.openqa.selenium.support.events.EventFiringWebDriver.getScreenshotAs(EventFiringWebDriver.java:302)at com.crm.qa.util.TestUtil.takeScreenshot(TestUtil.java:72)at com.crm.qa.util.WebEventListener.onException(WebEventListener.java:62)at org.openqa.selenium.support.events.EventFiringWebDriver.lambda$new$0(EventFiringWebDriver.java:84)at com.sun.proxy.$Proxy6.onException(Unknown Source)at org.openqa.selenium.support.events.EventFiringWebDriver.lambda$new$1(EventFiringWebDriver.java:107)at com.sun.proxy.$Proxy7.getScreenshotAs(Unknown Source)at org.openqa.selenium.support.events.EventFiringWebDriver.getScreenshotAs(EventFiringWebDriver.java:302)at com.crm.qa.util.TestUtil.takeScreenshot(TestUtil.java:72)at com.crm.qa.util.WebEventListener.onException(WebEventListener.java:62)at org.openqa.selenium.support.events.EventFiringWebDriver.lambda$new$0(EventFiringWebDriver.java:84)at com.sun.proxy.$Proxy6.onException(Unknown Source)at org.openqa.selenium.support.events.EventFiringWebDriver.lambda$new$1(EventFiringWebDriver.java:107)at com.sun.proxy.$Proxy7.getScreenshotAs(Unknown Source)at org.openqa.selenium.support.events.EventFiringWebDriver.getScreenshotAs(EventFiringWebDriver.java:302)at com.crm.qa.util.TestUtil.takeScreenshot(TestUtil.java:72)at com.crm.qa.util.WebEventListener.onException(WebEventListener.java:62)at org.openqa.selenium.support.events.EventFiringWebDriver.lambda$new$0(EventFiringWebDriver.java:84)at com.sun.proxy.$Proxy6.onException(Unknown Source)at org.openqa.selenium.support.events.EventFiringWebDriver.lambda$new$1(EventFiringWebDriver.java:107)at com.sun.proxy.$Proxy7.getScreenshotAs(Unknown Source)at org.openqa.selenium.support.events.EventFiringWebDriver.getScreenshotAs(EventFiringWebDriver.java:302)at com.crm.qa.util.TestUtil.takeScreenshot(TestUtil.java:72)at com.crm.qa.util.WebEventListener.onException(WebEventListener.java:62)at org.openqa.selenium.support.events.EventFiringWebDriver.lambda$new$0(EventFiringWebDriver.java:84)at com.sun.proxy.$Proxy6.onException(Unknown Source)at org.openqa.selenium.support.events.EventFiringWebDriver.lambda$new$1(EventFiringWebDriver.java:107)at com.sun.proxy.$Proxy7.getScreenshotAs(Unknown Source)at org.openqa.selenium.support.events.EventFiringWebDriver.getScreenshotAs(EventFiringWebDriver.java:302)at com.crm.qa.util.TestUtil.takeScreenshot(TestUtil.java:72)at com.crm.qa.util.WebEventListener.onException(WebEventListener.java:62)at org.openqa.selenium.support.events.EventFiringWebDriver.lambda$new$0(EventFiringWebDriver.java:84)at com.sun.proxy.$Proxy6.onException(Unknown Source)at org.openqa.selenium.support.events.EventFiringWebDriver.lambda$new$1(EventFiringWebDriver.java:107)at com.sun.proxy.$Proxy7.getScreenshotAs(Unknown Source)at org.openqa.selenium.support.events.EventFiringWebDriver.getScreenshotAs(EventFiringWebDriver.java:302)at com.crm.qa.util.TestUtil.takeScreenshot(TestUtil.java:72)at com.crm.qa.util.WebEventListener.onException(WebEventListener.java:62)at org.openqa.selenium.support.events.EventFiringWebDriver.lambda$new$0(EventFiringWebDriver.java:84)at com.sun.proxy.$Proxy6.onException(Unknown Source)at org.openqa.selenium.support.events.EventFiringWebDriver.lambda$new$1(EventFiringWebDriver.java:107)at com.sun.proxy.$Proxy7.getScreenshotAs(Unknown Source)at org.openqa.selenium.support.events.EventFiringWebDriver.getScreenshotAs(EventFiringWebDriver.java:302)at com.crm.qa.util.TestUtil.takeScreenshot(TestUtil.java:72)at com.crm.qa.util.WebEventListener.onException(WebEventListener.java:62)at org.openqa.selenium.support.events.EventFiringWebDriver.lambda$new$0(EventFiringWebDriver.java:84)at com.sun.proxy.$Proxy6.onException(Unknown Source)at org.openqa.selenium.support.events.EventFiringWebDriver.lambda$new$1(EventFiringWebDriver.java:107)at com.sun.proxy.$Proxy7.getScreenshotAs(Unknown Source)at org.openqa.selenium.support.events.EventFiringWebDriver.getScreenshotAs(EventFiringWebDriver.java:302)at com.crm.qa.util.TestUtil.takeScreenshot(TestUtil.java:72)at com.crm.qa.util.WebEventListener.onException(WebEventListener.java:62)at org.openqa.selenium.support.events.EventFiringWebDriver.lambda$new$0(EventFiringWebDriver.java:84)at com.sun.proxy.$Proxy6.onException(Unknown Source)at org.openqa.selenium.support.events.EventFiringWebDriver.lambda$new$1(EventFiringWebDriver.java:107)at com.sun.proxy.$Proxy7.getScreenshotAs(Unknown Source)at org.openqa.selenium.support.events.EventFiringWebDriver.getScreenshotAs(EventFiringWebDriver.java:302)at com.crm.qa.util.TestUtil.takeScreenshot(TestUtil.java:72)at com.crm.qa.util.WebEventListener.onException(WebEventListener.java:62)at org.openqa.selenium.support.events.EventFiringWebDriver.lambda$new$0(EventFiringWebDriver.java:84)at com.sun.proxy.$Proxy6.onException(Unknown Source)at org.openqa.selenium.support.events.EventFiringWebDriver.lambda$new$1(EventFiringWebDriver.java:107)at com.sun.proxy.$Proxy7.getScreenshotAs(Unknown Source)at org.openqa.selenium.support.events.EventFiringWebDriver.getScreenshotAs(EventFiringWebDriver.java:302)at com.crm.qa.util.TestUtil.takeScreenshot(TestUtil.java:72)at com.crm.qa.util.WebEventListener.onException(WebEventListener.java:62)at org.openqa.selenium.support.events.EventFiringWebDriver.lambda$new$0(EventFiringWebDriver.java:84)at com.sun.proxy.$Proxy6.onException(Unknown Source)at org.openqa.selenium.support.events.EventFiringWebDriver.lambda$new$1(EventFiringWebDriver.java:107)at com.sun.proxy.$Proxy7.getScreenshotAs(Unknown Source)at org.openqa.selenium.support.events.EventFiringWebDriver.getScreenshotAs(EventFiringWebDriver.java:302)at com.crm.qa.util.TestUtil.takeScreenshot(TestUtil.java:72)at com.crm.qa.util.WebEventListener.onException(WebEventListener.java:62)at org.openqa.selenium.support.events.EventFiringWebDriver.lambda$new$0(EventFiringWebDriver.java:84)at com.sun.proxy.$Proxy6.onException(Unknown Source)at org.openqa.selenium.support.events.EventFiringWebDriver.lambda$new$1(EventFiringWebDriver.java:107)at com.sun.proxy.$Proxy7.getScreenshotAs(Unknown Source)at org.openqa.selenium.support.events.EventFiringWebDriver.getScreenshotAs(EventFiringWebDriver.java:302)at com.crm.qa.util.TestUtil.takeScreenshot(TestUtil.java:72)at com.crm.qa.util.WebEventListener.onException(WebEventListener.java:62)at org.openqa.selenium.support.events.EventFiringWebDriver.lambda$new$0(EventFiringWebDriver.java:84)at com.sun.proxy.$Proxy6.onException(Unknown Source)at org.openqa.selenium.support.events.EventFiringWebDriver.lambda$new$1(EventFiringWebDriver.java:107)at com.sun.proxy.$Proxy7.getScreenshotAs(Unknown Source)at org.openqa.selenium.support.events.EventFiringWebDriver.getScreenshotAs(EventFiringWebDriver.java:302)at com.crm.qa.util.TestUtil.takeScreenshot(TestUtil.java:72)at com.crm.qa.util.WebEventListener.onException(WebEventListener.java:62)at org.openqa.selenium.support.events.EventFiringWebDriver.lambda$new$0(EventFiringWebDriver.java:84)at com.sun.proxy.$Proxy6.onException(Unknown Source)at org.openqa.selenium.support.events.EventFiringWebDriver.lambda$new$1(EventFiringWebDriver.java:107)at com.sun.proxy.$Proxy7.getScreenshotAs(Unknown Source)at org.openqa.selenium.support.events.EventFiringWebDriver.getScreenshotAs(EventFiringWebDriver.java:302)at com.crm.qa.util.TestUtil.takeScreenshot(TestUtil.java:72)at com.crm.qa.util.WebEventListener.onException(WebEventListener.java:62)at org.openqa.selenium.support.events.EventFiringWebDriver.lambda$new$0(EventFiringWebDriver.java:84)at com.sun.proxy.$Proxy6.onException(Unknown Source)at org.openqa.selenium.support.events.EventFiringWebDriver.lambda$new$1(EventFiringWebDriver.java:107)at com.sun.proxy.$Proxy7.getScreenshotAs(Unknown Source)at org.openqa.selenium.support.events.EventFiringWebDriver.getScreenshotAs(EventFiringWebDriver.java:302)at com.crm.qa.util.TestUtil.takeScreenshot(TestUtil.java:72)at com.crm.qa.util.WebEventListener.onException(WebEventListener.java:62)at org.openqa.selenium.support.events.EventFiringWebDriver.lambda$new$0(EventFiringWebDriver.java:84)at com.sun.proxy.$Proxy6.onException(Unknown Source)at org.openqa.selenium.support.events.EventFiringWebDriver.lambda$new$1(EventFiringWebDriver.java:107)at com.sun.proxy.$Proxy7.getScreenshotAs(Unknown Source)at org.openqa.selenium.support.events.EventFiringWebDriver.getScreenshotAs(EventFiringWebDriver.java:302)at com.crm.qa.util.TestUtil.takeScreenshot(TestUtil.java:72)at com.crm.qa.util.WebEventListener.onException(WebEventListener.java:62)at org.openqa.selenium.support.events.EventFiringWebDriver.lambda$new$0(EventFiringWebDriver.java:84)at com.sun.proxy.$Proxy6.onException(Unknown Source)at org.openqa.selenium.support.events.EventFiringWebDriver.lambda$new$1(EventFiringWebDriver.java:107)at com.sun.proxy.$Proxy7.getScreenshotAs(Unknown Source)at org.openqa.selenium.support.events.EventFiringWebDriver.getScreenshotAs(EventFiringWebDriver.java:302)at com.crm.qa.util.TestUtil.takeScreenshot(TestUtil.java:72)at com.crm.qa.util.WebEventListener.onException(WebEventListener.java:62)at org.openqa.selenium.support.events.EventFiringWebDriver.lambda$new$0(EventFiringWebDriver.java:84)at com.sun.proxy.$Proxy6.onException(Unknown Source)at org.openqa.selenium.support.events.EventFiringWebDriver.lambda$new$1(EventFiringWebDriver.java:107)at com.sun.proxy.$Proxy7.getScreenshotAs(Unknown Source)at org.openqa.selenium.support.events.EventFiringWebDriver.getScreenshotAs(EventFiringWebDriver.java:302)at com.crm.qa.util.TestUtil.takeScreenshot(TestUtil.java:72)at com.crm.qa.util.WebEventListener.onException(WebEventListener.java:62)at org.openqa.selenium.support.events.EventFiringWebDriver.lambda$new$0(EventFiringWebDriver.java:84)at com.sun.proxy.$Proxy6.onException(Unknown Source)at org.openqa.selenium.support.events.EventFiringWebDriver.lambda$new$1(EventFiringWebDriver.java:107)at com.sun.proxy.$Proxy7.getScreenshotAs(Unknown Source)at org.openqa.selenium.support.events.EventFiringWebDriver.getScreenshotAs(EventFiringWebDriver.java:302)at com.crm.qa.util.TestUtil.takeScreenshot(TestUtil.java:72)at com.crm.qa.util.WebEventListener.onException(WebEventListener.java:62)at org.openqa.selenium.support.events.EventFiringWebDriver.lambda$new$0(EventFiringWebDriver.java:84)at com.sun.proxy.$Proxy6.onException(Unknown Source)at org.openqa.selenium.support.events.EventFiringWebDriver.lambda$new$1(EventFiringWebDriver.java:107)at com.sun.proxy.$Proxy7.getScreenshotAs(Unknown Source)at org.openqa.selenium.support.events.EventFiringWebDriver.getScreenshotAs(EventFiringWebDriver.java:302)at com.crm.qa.util.TestUtil.takeScreenshot(TestUtil.java:72)at com.crm.qa.util.WebEventListener.onException(WebEventListener.java:62)at org.openqa.selenium.support.events.EventFiringWebDriver.lambda$new$0(EventFiringWebDriver.java:84)at com.sun.proxy.$Proxy6.onException(Unknown Source)at org.openqa.selenium.support.events.EventFiringWebDriver.lambda$new$1(EventFiringWebDriver.java:107)at com.sun.proxy.$Proxy7.getScreenshotAs(Unknown Source)at org.openqa.selenium.support.events.EventFiringWebDriver.getScreenshotAs(EventFiringWebDriver.java:302)at com.crm.qa.util.TestUtil.takeScreenshot(TestUtil.java:72)at com.crm.qa.util.WebEventListener.onException(WebEventListener.java:62)at org.openqa.selenium.support.events.EventFiringWebDriver.lambda$new$0(EventFiringWebDriver.java:84)at com.sun.proxy.$Proxy6.onException(Unknown Source)at org.openqa.selenium.support.events.EventFiringWebDriver.lambda$new$1(EventFiringWebDriver.java:107)at com.sun.proxy.$Proxy7.getScreenshotAs(Unknown Source)at org.openqa.selenium.support.events.EventFiringWebDriver.getScreenshotAs(EventFiringWebDriver.java:302)at com.crm.qa.util.TestUtil.takeScreenshot(TestUtil.java:72)at com.crm.qa.util.WebEventListener.onException(WebEventListener.java:62)at org.openqa.selenium.support.events.EventFiringWebDriver.lambda$new$0(EventFiringWebDriver.java:84)at com.sun.proxy.$Proxy6.onException(Unknown Source)at org.openqa.selenium.support.events.EventFiringWebDriver.lambda$new$1(EventFiringWebDriver.java:107)at com.sun.proxy.$Proxy7.getScreenshotAs(Unknown Source)at org.openqa.selenium.support.events.EventFiringWebDriver.getScreenshotAs(EventFiringWebDriver.java:302)at com.crm.qa.util.TestUtil.takeScreenshot(TestUtil.java:72)at com.crm.qa.util.WebEventListener.onException(WebEventListener.java:62)at org.openqa.selenium.support.events.EventFiringWebDriver.lambda$new$0(EventFiringWebDriver.java:84)at com.sun.proxy.$Proxy6.onException(Unknown Source)at org.openqa.selenium.support.events.EventFiringWebDriver.lambda$new$1(EventFiringWebDriver.java:107)at com.sun.proxy.$Proxy7.getScreenshotAs(Unknown Source)at org.openqa.selenium.support.events.EventFiringWebDriver.getScreenshotAs(EventFiringWebDriver.java:302)at com.crm.qa.util.TestUtil.takeScreenshot(TestUtil.java:72)at com.crm.qa.util.WebEventListener.onException(WebEventListener.java:62)at org.openqa.selenium.support.events.EventFiringWebDriver.lambda$new$0(EventFiringWebDriver.java:84)at com.sun.proxy.$Proxy6.onException(Unknown Source)at org.openqa.selenium.support.events.EventFiringWebDriver.lambda$new$1(EventFiringWebDriver.java:107)at com.sun.proxy.$Proxy7.getScreenshotAs(Unknown Source)at org.openqa.selenium.support.events.EventFiringWebDriver.getScreenshotAs(EventFiringWebDriver.java:302)at com.crm.qa.util.TestUtil.takeScreenshot(TestUtil.java:72)at com.crm.qa.util.WebEventListener.onException(WebEventListener.java:62)at org.openqa.selenium.support.events.EventFiringWebDriver.lambda$new$0(EventFiringWebDriver.java:84)at com.sun.proxy.$Proxy6.onException(Unknown Source)at org.openqa.selenium.support.events.EventFiringWebDriver.lambda$new$1(EventFiringWebDriver.java:107)at com.sun.proxy.$Proxy7.getScreenshotAs(Unknown Source)at org.openqa.selenium.support.events.EventFiringWebDriver.getScreenshotAs(EventFiringWebDriver.java:302)at com.crm.qa.util.TestUtil.takeScreenshot(TestUtil.java:72)at com.crm.qa.util.WebEventListener.onException(WebEventListener.java:62)at org.openqa.selenium.support.events.EventFiringWebDriver.lambda$new$0(EventFiringWebDriver.java:84)at com.sun.proxy.$Proxy6.onException(Unknown Source)at org.openqa.selenium.support.events.EventFiringWebDriver.lambda$new$1(EventFiringWebDriver.java:107)at com.sun.proxy.$Proxy7.getScreenshotAs(Unknown Source)at org.openqa.selenium.support.events.EventFiringWebDriver.getScreenshotAs(EventFiringWebDriver.java:302)at com.crm.qa.util.TestUtil.takeScreenshot(TestUtil.java:72)at com.crm.qa.util.WebEventListener.onException(WebEventListener.java:62)at org.openqa.selenium.support.events.EventFiringWebDriver.lambda$new$0(EventFiringWebDriver.java:84)at com.sun.proxy.$Proxy6.onException(Unknown Source)at org.openqa.selenium.support.events.EventFiringWebDriver.lambda$new$1(EventFiringWebDriver.java:107)at com.sun.proxy.$Proxy7.getScreenshotAs(Unknown Source)at org.openqa.selenium.support.events.EventFiringWebDriver.getScreenshotAs(EventFiringWebDriver.java:302)at com.crm.qa.util.TestUtil.takeScreenshot(TestUtil.java:72)at com.crm.qa.util.WebEventListener.onException(WebEventListener.java:62)at org.openqa.selenium.support.events.EventFiringWebDriver.lambda$new$0(EventFiringWebDriver.java:84)at com.sun.proxy.$Proxy6.onException(Unknown Source)at org.openqa.selenium.support.events.EventFiringWebDriver.lambda$new$1(EventFiringWebDriver.java:107)at com.sun.proxy.$Proxy7.getScreenshotAs(Unknown Source)at org.openqa.selenium.support.events.EventFiringWebDriver.getScreenshotAs(EventFiringWebDriver.java:302)at com.crm.qa.util.TestUtil.takeScreenshot(TestUtil.java:72)at com.crm.qa.util.WebEventListener.onException(WebEventListener.java:62)at org.openqa.selenium.support.events.EventFiringWebDriver.lambda$new$0(EventFiringWebDriver.java:84)at com.sun.proxy.$Proxy6.onException(Unknown Source)at org.openqa.selenium.support.events.EventFiringWebDriver.lambda$new$1(EventFiringWebDriver.java:107)at com.sun.proxy.$Proxy7.getScreenshotAs(Unknown Source)at org.openqa.selenium.support.events.EventFiringWebDriver.getScreenshotAs(EventFiringWebDriver.java:302)at com.crm.qa.util.TestUtil.takeScreenshot(TestUtil.java:72)at com.crm.qa.util.WebEventListener.onException(WebEventListener.java:62)at org.openqa.selenium.support.events.EventFiringWebDriver.lambda$new$0(EventFiringWebDriver.java:84)at com.sun.proxy.$Proxy6.onException(Unknown Source)at org.openqa.selenium.support.events.EventFiringWebDriver.lambda$new$1(EventFiringWebDriver.java:107)at com.sun.proxy.$Proxy7.getScreenshotAs(Unknown Source)at org.openqa.selenium.support.events.EventFiringWebDriver.getScreenshotAs(EventFiringWebDriver.java:302)at com.crm.qa.util.TestUtil.takeScreenshot(TestUtil.java:72)at com.crm.qa.util.WebEventListener.onException(WebEventListener.java:62)at org.openqa.selenium.support.events.EventFiringWebDriver.lambda$new$0(EventFiringWebDriver.java:84)at com.sun.proxy.$Proxy6.onException(Unknown Source)at org.openqa.selenium.support.events.EventFiringWebDriver.lambda$new$1(EventFiringWebDriver.java:107)at com.sun.proxy.$Proxy7.getScreenshotAs(Unknown Source)at org.openqa.selenium.support.events.EventFiringWebDriver.getScreenshotAs(EventFiringWebDriver.java:302)at com.crm.qa.util.TestUtil.takeScreenshot(TestUtil.java:72)at com.crm.qa.util.WebEventListener.onException(WebEventListener.java:62)at org.openqa.selenium.support.events.EventFiringWebDriver.lambda$new$0(EventFiringWebDriver.java:84)at com.sun.proxy.$Proxy6.onException(Unknown Source)at org.openqa.selenium.support.events.EventFiringWebDriver.lambda$new$1(EventFiringWebDriver.java:107)at com.sun.proxy.$Proxy7.getScreenshotAs(Unknown Source)at org.openqa.selenium.support.events.EventFiringWebDriver.getScreenshotAs(EventFiringWebDriver.java:302)at com.crm.qa.util.TestUtil.takeScreenshot(TestUtil.java:72)at com.crm.qa.util.WebEventListener.onException(WebEventListener.java:62)at org.openqa.selenium.support.events.EventFiringWebDriver.lambda$new$0(EventFiringWebDriver.java:84)at com.sun.proxy.$Proxy6.onException(Unknown Source)at org.openqa.selenium.support.events.EventFiringWebDriver.lambda$new$1(EventFiringWebDriver.java:107)at com.sun.proxy.$Proxy7.getScreenshotAs(Unknown Source)at org.openqa.selenium.support.events.EventFiringWebDriver.getScreenshotAs(EventFiringWebDriver.java:302)at com.crm.qa.util.TestUtil.takeScreenshot(TestUtil.java:72)at com.crm.qa.util.WebEventListener.onException(WebEventListener.java:62)at org.openqa.selenium.support.events.EventFiringWebDriver.lambda$new$0(EventFiringWebDriver.java:84)at com.sun.proxy.$Proxy6.onException(Unknown Source)at org.openqa.selenium.support.events.EventFiringWebDriver.lambda$new$1(EventFiringWebDriver.java:107)at com.sun.proxy.$Proxy7.getScreenshotAs(Unknown Source)at org.openqa.selenium.support.events.EventFiringWebDriver.getScreenshotAs(EventFiringWebDriver.java:302)at com.crm.qa.util.TestUtil.takeScreenshot(TestUtil.java:72)at com.crm.qa.util.WebEventListener.onException(WebEventListener.java:62)at org.openqa.selenium.support.events.EventFiringWebDriver.lambda$new$0(EventFiringWebDriver.java:84)at com.sun.proxy.$Proxy6.onException(Unknown Source)at org.openqa.selenium.support.events.EventFiringWebDriver.lambda$new$1(EventFiringWebDriver.java:107)at com.sun.proxy.$Proxy7.getScreenshotAs(Unknown Source)at org.openqa.selenium.support.events.EventFiringWebDriver.getScreenshotAs(EventFiringWebDriver.java:302)at com.crm.qa.util.TestUtil.takeScreenshot(TestUtil.java:72)at com.crm.qa.util.WebEventListener.onException(WebEventListener.java:62)at org.openqa.selenium.support.events.EventFiringWebDriver.lambda$new$0(EventFiringWebDriver.java:84)at com.sun.proxy.$Proxy6.onException(Unknown Source)at org.openqa.selenium.support.events.EventFiringWebDriver.lambda$new$1(EventFiringWebDriver.java:107)at com.sun.proxy.$Proxy7.getScreenshotAs(Unknown Source)at org.openqa.selenium.support.events.EventFiringWebDriver.getScreenshotAs(EventFiringWebDriver.java:302)at com.crm.qa.util.TestUtil.takeScreenshot(TestUtil.java:72)at com.crm.qa.util.WebEventListener.onException(WebEventListener.java:62)at org.openqa.selenium.support.events.EventFiringWebDriver.lambda$new$0(EventFiringWebDriver.java:84)at com.sun.proxy.$Proxy6.onException(Unknown Source)at org.openqa.selenium.support.events.EventFiringWebDriver.lambda$new$1(EventFiringWebDriver.java:107)at com.sun.proxy.$Proxy7.getScreenshotAs(Unknown Source)at org.openqa.selenium.support.events.EventFiringWebDriver.getScreenshotAs(EventFiringWebDriver.java:302)at com.crm.qa.util.TestUtil.takeScreenshot(TestUtil.java:72)at com.crm.qa.util.WebEventListener.onException(WebEventListener.java:62)at org.openqa.selenium.support.events.EventFiringWebDriver.lambda$new$0(EventFiringWebDriver.java:84)at com.sun.proxy.$Proxy6.onException(Unknown Source)at org.openqa.selenium.support.events.EventFiringWebDriver.lambda$new$1(EventFiringWebDriver.java:107)at com.sun.proxy.$Proxy7.getScreenshotAs(Unknown Source)at org.openqa.selenium.support.events.EventFiringWebDriver.getScreenshotAs(EventFiringWebDriver.java:302)at com.crm.qa.util.TestUtil.takeScreenshot(TestUtil.java:72)at com.crm.qa.util.WebEventListener.onException(WebEventListener.java:62)at org.openqa.selenium.support.events.EventFiringWebDriver.lambda$new$0(EventFiringWebDriver.java:84)at com.sun.proxy.$Proxy6.onException(Unknown Source)at org.openqa.selenium.support.events.EventFiringWebDriver.lambda$new$1(EventFiringWebDriver.java:107)at com.sun.proxy.$Proxy7.getScreenshotAs(Unknown Source)at org.openqa.selenium.support.events.EventFiringWebDriver.getScreenshotAs(EventFiringWebDriver.java:302)at com.crm.qa.util.TestUtil.takeScreenshot(TestUtil.java:72)at com.crm.qa.util.WebEventListener.onException(WebEventListener.java:62)at org.openqa.selenium.support.events.EventFiringWebDriver.lambda$new$0(EventFiringWebDriver.java:84)at com.sun.proxy.$Proxy6.onException(Unknown Source)at org.openqa.selenium.support.events.EventFiringWebDriver.lambda$new$1(EventFiringWebDriver.java:107)at com.sun.proxy.$Proxy7.getScreenshotAs(Unknown Source)at org.openqa.selenium.support.events.EventFiringWebDriver.getScreenshotAs(EventFiringWebDriver.java:302)at com.crm.qa.util.TestUtil.takeScreenshot(TestUtil.java:72)at com.crm.qa.util.WebEventListener.onException(WebEventListener.java:62)at org.openqa.selenium.support.events.EventFiringWebDriver.lambda$new$0(EventFiringWebDriver.java:84)at com.sun.proxy.$Proxy6.onException(Unknown Source)at org.openqa.selenium.support.events.EventFiringWebDriver.lambda$new$1(EventFiringWebDriver.java:107)at com.sun.proxy.$Proxy7.getScreenshotAs(Unknown Source)at org.openqa.selenium.support.events.EventFiringWebDriver.getScreenshotAs(EventFiringWebDriver.java:302)at com.crm.qa.util.TestUtil.takeScreenshot(TestUtil.java:72)at com.crm.qa.util.WebEventListener.onException(WebEventListener.java:62)at org.openqa.selenium.support.events.EventFiringWebDriver.lambda$new$0(EventFiringWebDriver.java:84)at com.sun.proxy.$Proxy6.onException(Unknown Source)at org.openqa.selenium.support.events.EventFiringWebDriver.lambda$new$1(EventFiringWebDriver.java:107)at com.sun.proxy.$Proxy7.getScreenshotAs(Unknown Source)at org.openqa.selenium.support.events.EventFiringWebDriver.getScreenshotAs(EventFiringWebDriver.java:302)at com.crm.qa.util.TestUtil.takeScreenshot(TestUtil.java:72)at com.crm.qa.util.WebEventListener.onException(WebEventListener.java:62)at org.openqa.selenium.support.events.EventFiringWebDriver.lambda$new$0(EventFiringWebDriver.java:84)at com.sun.proxy.$Proxy6.onException(Unknown Source)at org.openqa.selenium.support.events.EventFiringWebDriver.lambda$new$1(EventFiringWebDriver.java:107)at com.sun.proxy.$Proxy7.getScreenshotAs(Unknown Source)at org.openqa.selenium.support.events.EventFiringWebDriver.getScreenshotAs(EventFiringWebDriver.java:302)at com.crm.qa.util.TestUtil.takeScreenshot(TestUtil.java:72)at com.crm.qa.util.WebEventListener.onException(WebEventListener.java:62)at org.openqa.selenium.support.events.EventFiringWebDriver.lambda$new$0(EventFiringWebDriver.java:84)at com.sun.proxy.$Proxy6.onException(Unknown Source)at org.openqa.selenium.support.events.EventFiringWebDriver.lambda$new$1(EventFiringWebDriver.java:107)at com.sun.proxy.$Proxy7.getScreenshotAs(Unknown Source)at org.openqa.selenium.support.events.EventFiringWebDriver.getScreenshotAs(EventFiringWebDriver.java:302)at com.crm.qa.util.TestUtil.takeScreenshot(TestUtil.java:72)at com.crm.qa.util.WebEventListener.onException(WebEventListener.java:62)at org.openqa.selenium.support.events.EventFiringWebDriver.lambda$new$0(EventFiringWebDriver.java:84)at com.sun.proxy.$Proxy6.onException(Unknown Source)at org.openqa.selenium.support.events.EventFiringWebDriver.lambda$new$1(EventFiringWebDriver.java:107)at com.sun.proxy.$Proxy7.getScreenshotAs(Unknown Source)at org.openqa.selenium.support.events.EventFiringWebDriver.getScreenshotAs(EventFiringWebDriver.java:302)at com.crm.qa.util.TestUtil.takeScreenshot(TestUtil.java:72)at com.crm.qa.util.WebEventListener.onException(WebEventListener.java:62)at org.openqa.selenium.support.events.EventFiringWebDriver.lambda$new$0(EventFiringWebDriver.java:84)at com.sun.proxy.$Proxy6.onException(Unknown Source)at org.openqa.selenium.support.events.EventFiringWebDriver.lambda$new$1(EventFiringWebDriver.java:107)at com.sun.proxy.$Proxy7.getScreenshotAs(Unknown Source)at org.openqa.selenium.support.events.EventFiringWebDriver.getScreenshotAs(EventFiringWebDriver.java:302)at com.crm.qa.util.TestUtil.takeScreenshot(TestUtil.java:72)at com.crm.qa.util.WebEventListener.onException(WebEventListener.java:62)at org.openqa.selenium.support.events.EventFiringWebDriver.lambda$new$0(EventFiringWebDriver.java:84)at com.sun.proxy.$Proxy6.onException(Unknown Source)at org.openqa.selenium.support.events.EventFiringWebDriver.lambda$new$1(EventFiringWebDriver.java:107)at com.sun.proxy.$Proxy7.getScreenshotAs(Unknown Source)at org.openqa.selenium.support.events.EventFiringWebDriver.getScreenshotAs(EventFiringWebDriver.java:302)at com.crm.qa.util.TestUtil.takeScreenshot(TestUtil.java:72)at com.crm.qa.util.WebEventListener.onException(WebEventListener.java:62)at org.openqa.selenium.support.events.EventFiringWebDriver.lambda$new$0(EventFiringWebDriver.java:84)at com.sun.proxy.$Proxy6.onException(Unknown Source)at org.openqa.selenium.support.events.EventFiringWebDriver.lambda$new$1(EventFiringWebDriver.java:107)at com.sun.proxy.$Proxy7.getScreenshotAs(Unknown Source)at org.openqa.selenium.support.events.EventFiringWebDriver.getScreenshotAs(EventFiringWebDriver.java:302)at com.crm.qa.util.TestUtil.takeScreenshot(TestUtil.java:72)at com.crm.qa.util.WebEventListener.onException(WebEventListener.java:62)at org.openqa.selenium.support.events.EventFiringWebDriver.lambda$new$0(EventFiringWebDriver.java:84)at com.sun.proxy.$Proxy6.onException(Unknown Source)at org.openqa.selenium.support.events.EventFiringWebDriver.lambda$new$1(EventFiringWebDriver.java:107)at com.sun.proxy.$Proxy7.getScreenshotAs(Unknown Source)at org.openqa.selenium.support.events.EventFiringWebDriver.getScreenshotAs(EventFiringWebDriver.java:302)at com.crm.qa.util.TestUtil.takeScreenshot(TestUtil.java:72)at com.crm.qa.util.WebEventListener.onException(WebEventListener.java:62)at org.openqa.selenium.support.events.EventFiringWebDriver.lambda$new$0(EventFiringWebDriver.java:84)at com.sun.proxy.$Proxy6.onException(Unknown Source)at org.openqa.selenium.support.events.EventFiringWebDriver.lambda$new$1(EventFiringWebDriver.java:107)at com.sun.proxy.$Proxy7.getScreenshotAs(Unknown Source)at org.openqa.selenium.support.events.EventFiringWebDriver.getScreenshotAs(EventFiringWebDriver.java:302)at com.crm.qa.util.TestUtil.takeScreenshot(TestUtil.java:72)at com.crm.qa.util.WebEventListener.onException(WebEventListener.java:62)at org.openqa.selenium.support.events.EventFiringWebDriver.lambda$new$0(EventFiringWebDriver.java:84)at com.sun.proxy.$Proxy6.onException(Unknown Source)at org.openqa.selenium.support.events.EventFiringWebDriver.lambda$new$1(EventFiringWebDriver.java:107)at com.sun.proxy.$Proxy7.getScreenshotAs(Unknown Source)at org.openqa.selenium.support.events.EventFiringWebDriver.getScreenshotAs(EventFiringWebDriver.java:302)at com.crm.qa.util.TestUtil.takeScreenshot(TestUtil.java:72)at com.crm.qa.util.WebEventListener.onException(WebEventListener.java:62)at org.openqa.selenium.support.events.EventFiringWebDriver.lambda$new$0(EventFiringWebDriver.java:84)at com.sun.proxy.$Proxy6.onException(Unknown Source)at org.openqa.selenium.support.events.EventFiringWebDriver.lambda$new$1(EventFiringWebDriver.java:107)at com.sun.proxy.$Proxy7.getScreenshotAs(Unknown Source)at org.openqa.selenium.support.events.EventFiringWebDriver.getScreenshotAs(EventFiringWebDriver.java:302)at com.crm.qa.util.TestUtil.takeScreenshot(TestUtil.java:72)at com.crm.qa.util.WebEventListener.onException(WebEventListener.java:62)at org.openqa.selenium.support.events.EventFiringWebDriver.lambda$new$0(EventFiringWebDriver.java:84)at com.sun.proxy.$Proxy6.onException(Unknown Source)at org.openqa.selenium.support.events.EventFiringWebDriver.lambda$new$1(EventFiringWebDriver.java:107)at com.sun.proxy.$Proxy7.getScreenshotAs(Unknown Source)at org.openqa.selenium.support.events.EventFiringWebDriver.getScreenshotAs(EventFiringWebDriver.java:302)at com.crm.qa.util.TestUtil.takeScreenshot(TestUtil.java:72)at com.crm.qa.util.WebEventListener.onException(WebEventListener.java:62)at org.openqa.selenium.support.events.EventFiringWebDriver.lambda$new$0(EventFiringWebDriver.java:84)at com.sun.proxy.$Proxy6.onException(Unknown Source)at org.openqa.selenium.support.events.EventFiringWebDriver.lambda$new$1(EventFiringWebDriver.java:107)at com.sun.proxy.$Proxy7.getScreenshotAs(Unknown Source)at org.openqa.selenium.support.events.EventFiringWebDriver.getScreenshotAs(EventFiringWebDriver.java:302)at com.crm.qa.util.TestUtil.takeScreenshot(TestUtil.java:72)at com.crm.qa.util.WebEventListener.onException(WebEventListener.java:62)at org.openqa.selenium.support.events.EventFiringWebDriver.lambda$new$0(EventFiringWebDriver.java:84)at com.sun.proxy.$Proxy6.onException(Unknown Source)at org.openqa.selenium.support.events.EventFiringWebDriver.lambda$new$1(EventFiringWebDriver.java:107)at com.sun.proxy.$Proxy7.getScreenshotAs(Unknown Source)at org.openqa.selenium.support.events.EventFiringWebDriver.getScreenshotAs(EventFiringWebDriver.java:302)at com.crm.qa.util.TestUtil.takeScreenshot(TestUtil.java:72)at com.crm.qa.util.WebEventListener.onException(WebEventListener.java:62)at org.openqa.selenium.support.events.EventFiringWebDriver.lambda$new$0(EventFiringWebDriver.java:84)at com.sun.proxy.$Proxy6.onException(Unknown Source)at org.openqa.selenium.support.events.EventFiringWebDriver.lambda$new$1(EventFiringWebDriver.java:107)at com.sun.proxy.$Proxy7.getScreenshotAs(Unknown Source)at org.openqa.selenium.support.events.EventFiringWebDriver.getScreenshotAs(EventFiringWebDriver.java:302)at com.crm.qa.util.TestUtil.takeScreenshot(TestUtil.java:72)at com.crm.qa.util.WebEventListener.onException(WebEventListener.java:62)at org.openqa.selenium.support.events.EventFiringWebDriver.lambda$new$0(EventFiringWebDriver.java:84)at com.sun.proxy.$Proxy6.onException(Unknown Source)at org.openqa.selenium.support.events.EventFiringWebDriver.lambda$new$1(EventFiringWebDriver.java:107)at com.sun.proxy.$Proxy7.getScreenshotAs(Unknown Source)at org.openqa.selenium.support.events.EventFiringWebDriver.getScreenshotAs(EventFiringWebDriver.java:302)at com.crm.qa.util.TestUtil.takeScreenshot(TestUtil.java:72)at com.crm.qa.util.WebEventListener.onException(WebEventListener.java:62)at org.openqa.selenium.support.events.EventFiringWebDriver.lambda$new$0(EventFiringWebDriver.java:84)at com.sun.proxy.$Proxy6.onException(Unknown Source)at org.openqa.selenium.support.events.EventFiringWebDriver.lambda$new$1(EventFiringWebDriver.java:107)at com.sun.proxy.$Proxy7.getScreenshotAs(Unknown Source)at org.openqa.selenium.support.events.EventFiringWebDriver.getScreenshotAs(EventFiringWebDriver.java:302)at com.crm.qa.util.TestUtil.takeScreenshot(TestUtil.java:72)at com.crm.qa.util.WebEventListener.onException(WebEventListener.java:62)at org.openqa.selenium.support.events.EventFiringWebDriver.lambda$new$0(EventFiringWebDriver.java:84)at com.sun.proxy.$Proxy6.onException(Unknown Source)at org.openqa.selenium.support.events.EventFiringWebDriver.lambda$new$1(EventFiringWebDriver.java:107)at com.sun.proxy.$Proxy7.getScreenshotAs(Unknown Source)at org.openqa.selenium.support.events.EventFiringWebDriver.getScreenshotAs(EventFiringWebDriver.java:302)at com.crm.qa.util.TestUtil.takeScreenshot(TestUtil.java:72)at com.crm.qa.util.WebEventListener.onException(WebEventListener.java:62)at org.openqa.selenium.support.events.EventFiringWebDriver.lambda$new$0(EventFiringWebDriver.java:84)at com.sun.proxy.$Proxy6.onException(Unknown Source)at org.openqa.selenium.support.events.EventFiringWebDriver.lambda$new$1(EventFiringWebDriver.java:107)at com.sun.proxy.$Proxy7.getScreenshotAs(Unknown Source)at org.openqa.selenium.support.events.EventFiringWebDriver.getScreenshotAs(EventFiringWebDriver.java:302)at com.crm.qa.util.TestUtil.takeScreenshot(TestUtil.java:72)at com.crm.qa.util.WebEventListener.onException(WebEventListener.java:62)at org.openqa.selenium.support.events.EventFiringWebDriver.lambda$new$0(EventFiringWebDriver.java:84)at com.sun.proxy.$Proxy6.onException(Unknown Source)at org.openqa.selenium.support.events.EventFiringWebDriver.lambda$new$1(EventFiringWebDriver.java:107)at com.sun.proxy.$Proxy7.getScreenshotAs(Unknown Source)at org.openqa.selenium.support.events.EventFiringWebDriver.getScreenshotAs(EventFiringWebDriver.java:302)at com.crm.qa.util.TestUtil.takeScreenshot(TestUtil.java:72)at com.crm.qa.util.WebEventListener.onException(WebEventListener.java:62)at org.openqa.selenium.support.events.EventFiringWebDriver.lambda$new$0(EventFiringWebDriver.java:84)at com.sun.proxy.$Proxy6.onException(Unknown Source)at org.openqa.selenium.support.events.EventFiringWebDriver.lambda$new$1(EventFiringWebDriver.java:107)at com.sun.proxy.$Proxy7.getScreenshotAs(Unknown Source)at org.openqa.selenium.support.events.EventFiringWebDriver.getScreenshotAs(EventFiringWebDriver.java:302)at com.crm.qa.util.TestUtil.takeScreenshot(TestUtil.java:72)at com.crm.qa.util.WebEventListener.onException(WebEventListener.java:62)at org.openqa.selenium.support.events.EventFiringWebDriver.lambda$new$0(EventFiringWebDriver.java:84)at com.sun.proxy.$Proxy6.onException(Unknown Source)at org.openqa.selenium.support.events.EventFiringWebDriver.lambda$new$1(EventFiringWebDriver.java:107)at com.sun.proxy.$Proxy7.getScreenshotAs(Unknown Source)at org.openqa.selenium.support.events.EventFiringWebDriver.getScreenshotAs(EventFiringWebDriver.java:302)at com.crm.qa.util.TestUtil.takeScreenshot(TestUtil.java:72)at com.crm.qa.util.WebEventListener.onException(WebEventListener.java:62)at org.openqa.selenium.support.events.EventFiringWebDriver.lambda$new$0(EventFiringWebDriver.java:84)at com.sun.proxy.$Proxy6.onException(Unknown Source)at org.openqa.selenium.support.events.EventFiringWebDriver.lambda$new$1(EventFiringWebDriver.java:107)at com.sun.proxy.$Proxy7.getScreenshotAs(Unknown Source)at org.openqa.selenium.support.events.EventFiringWebDriver.getScreenshotAs(EventFiringWebDriver.java:302)at com.crm.qa.util.TestUtil.takeScreenshot(TestUtil.java:72)at com.crm.qa.util.WebEventListener.onException(WebEventListener.java:62)at org.openqa.selenium.support.events.EventFiringWebDriver.lambda$new$0(EventFiringWebDriver.java:84)at com.sun.proxy.$Proxy6.onException(Unknown Source)at org.openqa.selenium.support.events.EventFiringWebDriver.lambda$new$1(EventFiringWebDriver.java:107)at com.sun.proxy.$Proxy7.getScreenshotAs(Unknown Source)at org.openqa.selenium.support.events.EventFiringWebDriver.getScreenshotAs(EventFiringWebDriver.java:302)at com.crm.qa.util.TestUtil.takeScreenshot(TestUtil.java:72)at com.crm.qa.util.WebEventListener.onException(WebEventListener.java:62)at org.openqa.selenium.support.events.EventFiringWebDriver.lambda$new$0(EventFiringWebDriver.java:84)at com.sun.proxy.$Proxy6.onException(Unknown Source)at org.openqa.selenium.support.events.EventFiringWebDriver.lambda$new$1(EventFiringWebDriver.java:107)at com.sun.proxy.$Proxy7.getScreenshotAs(Unknown Source)at org.openqa.selenium.support.events.EventFiringWebDriver.getScreenshotAs(EventFiringWebDriver.java:302)at com.crm.qa.util.TestUtil.takeScreenshot(TestUtil.java:72)at com.crm.qa.util.WebEventListener.onException(WebEventListener.java:62)at org.openqa.selenium.support.events.EventFiringWebDriver.lambda$new$0(EventFiringWebDriver.java:84)at com.sun.proxy.$Proxy6.onException(Unknown Source)at org.openqa.selenium.support.events.EventFiringWebDriver.lambda$new$1(EventFiringWebDriver.java:107)at com.sun.proxy.$Proxy7.getScreenshotAs(Unknown Source)at org.openqa.selenium.support.events.EventFiringWebDriver.getScreenshotAs(EventFiringWebDriver.java:302)at com.crm.qa.util.TestUtil.takeScreenshot(TestUtil.java:72)at com.crm.qa.util.WebEventListener.onException(WebEventListener.java:62)at org.openqa.selenium.support.events.EventFiringWebDriver.lambda$new$0(EventFiringWebDriver.java:84)at com.sun.proxy.$Proxy6.onException(Unknown Source)at org.openqa.selenium.support.events.EventFiringWebDriver.lambda$new$1(EventFiringWebDriver.java:107)at com.sun.proxy.$Proxy7.getScreenshotAs(Unknown Source)at org.openqa.selenium.support.events.EventFiringWebDriver.getScreenshotAs(EventFiringWebDriver.java:302)at com.crm.qa.util.TestUtil.takeScreenshot(TestUtil.java:72)at com.crm.qa.util.WebEventListener.onException(WebEventListener.java:62)at org.openqa.selenium.support.events.EventFiringWebDriver.lambda$new$0(EventFiringWebDriver.java:84)at com.sun.proxy.$Proxy6.onException(Unknown Source)at org.openqa.selenium.support.events.EventFiringWebDriver.lambda$new$1(EventFiringWebDriver.java:107)at com.sun.proxy.$Proxy7.getScreenshotAs(Unknown Source)at org.openqa.selenium.support.events.EventFiringWebDriver.getScreenshotAs(EventFiringWebDriver.java:302)at com.crm.qa.util.TestUtil.takeScreenshot(TestUtil.java:72)at com.crm.qa.util.WebEventListener.onException(WebEventListener.java:62)at org.openqa.selenium.support.events.EventFiringWebDriver.lambda$new$0(EventFiringWebDriver.java:84)at com.sun.proxy.$Proxy6.onException(Unknown Source)at org.openqa.selenium.support.events.EventFiringWebDriver.lambda$new$1(EventFiringWebDriver.java:107)at com.sun.proxy.$Proxy7.getScreenshotAs(Unknown Source)at org.openqa.selenium.support.events.EventFiringWebDriver.getScreenshotAs(EventFiringWebDriver.java:302)at com.crm.qa.util.TestUtil.takeScreenshot(TestUtil.java:72)at com.crm.qa.util.WebEventListener.onException(WebEventListener.java:62)at org.openqa.selenium.support.events.EventFiringWebDriver.lambda$new$0(EventFiringWebDriver.java:84)at com.sun.proxy.$Proxy6.onException(Unknown Source)at org.openqa.selenium.support.events.EventFiringWebDriver.lambda$new$1(EventFiringWebDriver.java:107)at com.sun.proxy.$Proxy7.getScreenshotAs(Unknown Source)at org.openqa.selenium.support.events.EventFiringWebDriver.getScreenshotAs(EventFiringWebDriver.java:302)at com.crm.qa.util.TestUtil.takeScreenshot(TestUtil.java:72)at com.crm.qa.util.WebEventListener.onException(WebEventListener.java:62)at org.openqa.selenium.support.events.EventFiringWebDriver.lambda$new$0(EventFiringWebDriver.java:84)at com.sun.proxy.$Proxy6.onException(Unknown Source)at org.openqa.selenium.support.events.EventFiringWebDriver.lambda$new$1(EventFiringWebDriver.java:107)at com.sun.proxy.$Proxy7.getScreenshotAs(Unknown Source)at org.openqa.selenium.support.events.EventFiringWebDriver.getScreenshotAs(EventFiringWebDriver.java:302)at com.crm.qa.util.TestUtil.takeScreenshot(TestUtil.java:72)at com.crm.qa.util.WebEventListener.onException(WebEventListener.java:62)at org.openqa.selenium.support.events.EventFiringWebDriver.lambda$new$0(EventFiringWebDriver.java:84)at com.sun.proxy.$Proxy6.onException(Unknown Source)at org.openqa.selenium.support.events.EventFiringWebDriver.lambda$new$1(EventFiringWebDriver.java:107)at com.sun.proxy.$Proxy7.getScreenshotAs(Unknown Source)at org.openqa.selenium.support.events.EventFiringWebDriver.getScreenshotAs(EventFiringWebDriver.java:302)at com.crm.qa.util.TestUtil.takeScreenshot(TestUtil.java:72)at com.crm.qa.util.WebEventListener.onException(WebEventListener.java:62)at org.openqa.selenium.support.events.EventFiringWebDriver.lambda$new$0(EventFiringWebDriver.java:84)at com.sun.proxy.$Proxy6.onException(Unknown Source)at org.openqa.selenium.support.events.EventFiringWebDriver.lambda$new$1(EventFiringWebDriver.java:107)at com.sun.proxy.$Proxy7.getScreenshotAs(Unknown Source)at org.openqa.selenium.support.events.EventFiringWebDriver.getScreenshotAs(EventFiringWebDriver.java:302)at com.crm.qa.util.TestUtil.takeScreenshot(TestUtil.java:72)at com.crm.qa.util.WebEventListener.onException(WebEventListener.java:62)at org.openqa.selenium.support.events.EventFiringWebDriver.lambda$new$0(EventFiringWebDriver.java:84)at com.sun.proxy.$Proxy6.onException(Unknown Source)at org.openqa.selenium.support.events.EventFiringWebDriver.lambda$new$1(EventFiringWebDriver.java:107)at com.sun.proxy.$Proxy7.getScreenshotAs(Unknown Source)at org.openqa.selenium.support.events.EventFiringWebDriver.getScreenshotAs(EventFiringWebDriver.java:302)at com.crm.qa.util.TestUtil.takeScreenshot(TestUtil.java:72)at com.crm.qa.util.WebEventListener.onException(WebEventListener.java:62)at org.openqa.selenium.support.events.EventFiringWebDriver.lambda$new$0(EventFiringWebDriver.java:84)at com.sun.proxy.$Proxy6.onException(Unknown Source)at org.openqa.selenium.support.events.EventFiringWebDriver.lambda$new$1(EventFiringWebDriver.java:107)at com.sun.proxy.$Proxy7.getScreenshotAs(Unknown Source)at org.openqa.selenium.support.events.EventFiringWebDriver.getScreenshotAs(EventFiringWebDriver.java:302)at com.crm.qa.util.TestUtil.takeScreenshot(TestUtil.java:72)at com.crm.qa.util.WebEventListener.onException(WebEventListener.java:62)at org.openqa.selenium.support.events.EventFiringWebDriver.lambda$new$0(EventFiringWebDriver.java:84)at com.sun.proxy.$Proxy6.onException(Unknown Source)at org.openqa.selenium.support.events.EventFiringWebDriver.lambda$new$1(EventFiringWebDriver.java:107)at com.sun.proxy.$Proxy7.getScreenshotAs(Unknown Source)at org.openqa.selenium.support.events.EventFiringWebDriver.getScreenshotAs(EventFiringWebDriver.java:302)at com.crm.qa.util.TestUtil.takeScreenshot(TestUtil.java:72)at com.crm.qa.util.WebEventListener.onException(WebEventListener.java:62)at org.openqa.selenium.support.events.EventFiringWebDriver.lambda$new$0(EventFiringWebDriver.java:84)at com.sun.proxy.$Proxy6.onException(Unknown Source)at org.openqa.selenium.support.events.EventFiringWebDriver.lambda$new$1(EventFiringWebDriver.java:107)at com.sun.proxy.$Proxy7.getScreenshotAs(Unknown Source)at org.openqa.selenium.support.events.EventFiringWebDriver.getScreenshotAs(EventFiringWebDriver.java:302)at com.crm.qa.util.TestUtil.takeScreenshot(TestUtil.java:72)at com.crm.qa.util.WebEventListener.onException(WebEventListener.java:62)at org.openqa.selenium.support.events.EventFiringWebDriver.lambda$new$0(EventFiringWebDriver.java:84)at com.sun.proxy.$Proxy6.onException(Unknown Source)at org.openqa.selenium.support.events.EventFiringWebDriver.lambda$new$1(EventFiringWebDriver.java:107)at com.sun.proxy.$Proxy7.getScreenshotAs(Unknown Source)at org.openqa.selenium.support.events.EventFiringWebDriver.getScreenshotAs(EventFiringWebDriver.java:302)at com.crm.qa.util.TestUtil.takeScreenshot(TestUtil.java:72)at com.crm.qa.util.WebEventListener.onException(WebEventListener.java:62)at org.openqa.selenium.support.events.EventFiringWebDriver.lambda$new$0(EventFiringWebDriver.java:84)at com.sun.proxy.$Proxy6.onException(Unknown Source)at org.openqa.selenium.support.events.EventFiringWebDriver.lambda$new$1(EventFiringWebDriver.java:107)at com.sun.proxy.$Proxy7.getScreenshotAs(Unknown Source)at org.openqa.selenium.support.events.EventFiringWebDriver.getScreenshotAs(EventFiringWebDriver.java:302)at com.crm.qa.util.TestUtil.takeScreenshot(TestUtil.java:72)at com.crm.qa.util.WebEventListener.onException(WebEventListener.java:62)at org.openqa.selenium.support.events.EventFiringWebDriver.lambda$new$0(EventFiringWebDriver.java:84)at com.sun.proxy.$Proxy6.onException(Unknown Source)at org.openqa.selenium.support.events.EventFiringWebDriver.lambda$new$1(EventFiringWebDriver.java:107)at com.sun.proxy.$Proxy7.getScreenshotAs(Unknown Source)at org.openqa.selenium.support.events.EventFiringWebDriver.getScreenshotAs(EventFiringWebDriver.java:302)at com.crm.qa.util.TestUtil.takeScreenshot(TestUtil.java:72)at com.crm.qa.util.WebEventListener.onException(WebEventListener.java:62)at org.openqa.selenium.support.events.EventFiringWebDriver.lambda$new$0(EventFiringWebDriver.java:84)at com.sun.proxy.$Proxy6.onException(Unknown Source)at org.openqa.selenium.support.events.EventFiringWebDriver.lambda$new$1(EventFiringWebDriver.java:107)at com.sun.proxy.$Proxy7.getScreenshotAs(Unknown Source)at org.openqa.selenium.support.events.EventFiringWebDriver.getScreenshotAs(EventFiringWebDriver.java:302)at com.crm.qa.util.TestUtil.takeScreenshot(TestUtil.java:72)at com.crm.qa.util.WebEventListener.onException(WebEventListener.java:62)at org.openqa.selenium.support.events.EventFiringWebDriver.lambda$new$0(EventFiringWebDriver.java:84)at com.sun.proxy.$Proxy6.onException(Unknown Source)at org.openqa.selenium.support.events.EventFiringWebDriver.lambda$new$1(EventFiringWebDriver.java:107)at com.sun.proxy.$Proxy7.getScreenshotAs(Unknown Source)at org.openqa.selenium.support.events.EventFiringWebDriver.getScreenshotAs(EventFiringWebDriver.java:302)at com.crm.qa.util.TestUtil.takeScreenshot(TestUtil.java:72)at com.crm.qa.util.WebEventListener.onException(WebEventListener.java:62)at org.openqa.selenium.support.events.EventFiringWebDriver.lambda$new$0(EventFiringWebDriver.java:84)at com.sun.proxy.$Proxy6.onException(Unknown Source)at org.openqa.selenium.support.events.EventFiringWebDriver.lambda$new$1(EventFiringWebDriver.java:107)at com.sun.proxy.$Proxy7.getScreenshotAs(Unknown Source)at org.openqa.selenium.support.events.EventFiringWebDriver.getScreenshotAs(EventFiringWebDriver.java:302)at com.crm.qa.util.TestUtil.takeScreenshot(TestUtil.java:72)at com.crm.qa.util.WebEventListener.onException(WebEventListener.java:62)at org.openqa.selenium.support.events.EventFiringWebDriver.lambda$new$0(EventFiringWebDriver.java:84)at com.sun.proxy.$Proxy6.onException(Unknown Source)at org.openqa.selenium.support.events.EventFiringWebDriver.lambda$new$1(EventFiringWebDriver.java:107)at com.sun.proxy.$Proxy7.getScreenshotAs(Unknown Source)at org.openqa.selenium.support.events.EventFiringWebDriver.getScreenshotAs(EventFiringWebDriver.java:302)at com.crm.qa.util.TestUtil.takeScreenshot(TestUtil.java:72)at com.crm.qa.util.WebEventListener.onException(WebEventListener.java:62)at org.openqa.selenium.support.events.EventFiringWebDriver.lambda$new$0(EventFiringWebDriver.java:84)at com.sun.proxy.$Proxy6.onException(Unknown Source)at org.openqa.selenium.support.events.EventFiringWebDriver.lambda$new$1(EventFiringWebDriver.java:107)at com.sun.proxy.$Proxy7.getScreenshotAs(Unknown Source)at org.openqa.selenium.support.events.EventFiringWebDriver.getScreenshotAs(EventFiringWebDriver.java:302)at com.crm.qa.util.TestUtil.takeScreenshot(TestUtil.java:72)at com.crm.qa.util.WebEventListener.onException(WebEventListener.java:62)at org.openqa.selenium.support.events.EventFiringWebDriver.lambda$new$0(EventFiringWebDriver.java:84)at com.sun.proxy.$Proxy6.onException(Unknown Source)at org.openqa.selenium.support.events.EventFiringWebDriver.lambda$new$1(EventFiringWebDriver.java:107)at com.sun.proxy.$Proxy7.getScreenshotAs(Unknown Source)at org.openqa.selenium.support.events.EventFiringWebDriver.getScreenshotAs(EventFiringWebDriver.java:302)at com.crm.qa.util.TestUtil.takeScreenshot(TestUtil.java:72)at com.crm.qa.util.WebEventListener.onException(WebEventListener.java:62)at org.openqa.selenium.support.events.EventFiringWebDriver.lambda$new$0(EventFiringWebDriver.java:84)at com.sun.proxy.$Proxy6.onException(Unknown Source)at org.openqa.selenium.support.events.EventFiringWebDriver.lambda$new$1(EventFiringWebDriver.java:107)at com.sun.proxy.$Proxy7.getScreenshotAs(Unknown Source)at org.openqa.selenium.support.events.EventFiringWebDriver.getScreenshotAs(EventFiringWebDriver.java:302)at com.crm.qa.util.TestUtil.takeScreenshot(TestUtil.java:72)at com.crm.qa.util.WebEventListener.onException(WebEventListener.java:62)at org.openqa.selenium.support.events.EventFiringWebDriver.lambda$new$0(EventFiringWebDriver.java:84)at com.sun.proxy.$Proxy6.onException(Unknown Source)at org.openqa.selenium.support.events.EventFiringWebDriver.lambda$new$1(EventFiringWebDriver.java:107)at com.sun.proxy.$Proxy7.getScreenshotAs(Unknown Source)at org.openqa.selenium.support.events.EventFiringWebDriver.getScreenshotAs(EventFiringWebDriver.java:302)at com.crm.qa.util.TestUtil.takeScreenshot(TestUtil.java:72)at com.crm.qa.util.WebEventListener.onException(WebEventListener.java:62)at org.openqa.selenium.support.events.EventFiringWebDriver.lambda$new$0(EventFiringWebDriver.java:84)at com.sun.proxy.$Proxy6.onException(Unknown Source)at org.openqa.selenium.support.events.EventFiringWebDriver.lambda$new$1(EventFiringWebDriver.java:107)at com.sun.proxy.$Proxy7.getScreenshotAs(Unknown Source)at org.openqa.selenium.support.events.EventFiringWebDriver.getScreenshotAs(EventFiringWebDriver.java:302)at com.crm.qa.util.TestUtil.takeScreenshot(TestUtil.java:72)at com.crm.qa.util.WebEventListener.onException(WebEventListener.java:62)at org.openqa.selenium.support.events.EventFiringWebDriver.lambda$new$0(EventFiringWebDriver.java:84)at com.sun.proxy.$Proxy6.onException(Unknown Source)at org.openqa.selenium.support.events.EventFiringWebDriver.lambda$new$1(EventFiringWebDriver.java:107)at com.sun.proxy.$Proxy7.getScreenshotAs(Unknown Source)at org.openqa.selenium.support.events.EventFiringWebDriver.getScreenshotAs(EventFiringWebDriver.java:302)at com.crm.qa.util.TestUtil.takeScreenshot(TestUtil.java:72)at com.crm.qa.util.WebEventListener.onException(WebEventListener.java:62)at org.openqa.selenium.support.events.EventFiringWebDriver.lambda$new$0(EventFiringWebDriver.java:84)at com.sun.proxy.$Proxy6.onException(Unknown Source)at org.openqa.selenium.support.events.EventFiringWebDriver.lambda$new$1(EventFiringWebDriver.java:107)at com.sun.proxy.$Proxy7.getScreenshotAs(Unknown Source)at org.openqa.selenium.support.events.EventFiringWebDriver.getScreenshotAs(EventFiringWebDriver.java:302)at com.crm.qa.util.TestUtil.takeScreenshot(TestUtil.java:72)at com.crm.qa.util.WebEventListener.onException(WebEventListener.java:62)at org.openqa.selenium.support.events.EventFiringWebDriver.lambda$new$0(EventFiringWebDriver.java:84)at com.sun.proxy.$Proxy6.onException(Unknown Source)at org.openqa.selenium.support.events.EventFiringWebDriver.lambda$new$1(EventFiringWebDriver.java:107)at com.sun.proxy.$Proxy7.getScreenshotAs(Unknown Source)at org.openqa.selenium.support.events.EventFiringWebDriver.getScreenshotAs(EventFiringWebDriver.java:302)at com.crm.qa.util.TestUtil.takeScreenshot(TestUtil.java:72)at com.crm.qa.util.WebEventListener.onException(WebEventListener.java:62)at org.openqa.selenium.support.events.EventFiringWebDriver.lambda$new$0(EventFiringWebDriver.java:84)at com.sun.proxy.$Proxy6.onException(Unknown Source)at org.openqa.selenium.support.events.EventFiringWebDriver.lambda$new$1(EventFiringWebDriver.java:107)at com.sun.proxy.$Proxy7.getScreenshotAs(Unknown Source)... Removed 306 stack frames]]>
    </failure>
  </testcase> <!-- @BeforeMethod setUp -->
  <testcase name="@AfterMethod teardown" time="0.0" classname="com.crm.qa.testcases.ContactsPageTest">
    <skipped/>
  </testcase> <!-- @AfterMethod teardown -->
  <testcase name="@BeforeMethod setUp" time="0.0" classname="com.crm.qa.testcases.ContactsPageTest">
    <skipped/>
  </testcase> <!-- @BeforeMethod setUp -->
  <testcase name="@AfterMethod teardown" time="0.0" classname="com.crm.qa.testcases.ContactsPageTest">
    <skipped/>
  </testcase> <!-- @AfterMethod teardown -->
  <testcase name="verifyContactsPageLabel" time="0.0" classname="com.crm.qa.testcases.ContactsPageTest">
    <skipped/>
  </testcase> <!-- verifyContactsPageLabel -->
  <testcase name="selectContactsTest" time="0.0" classname="com.crm.qa.testcases.ContactsPageTest">
    <skipped/>
  </testcase> <!-- selectContactsTest -->
</testsuite> <!-- FREE CRM TESTING -->
